        -:    0:Source:randomtestcard1.c
        -:    0:Graph:randomtestcard1.gcno
        -:    0:Data:randomtestcard1.gcda
        -:    0:Runs:2
        -:    0:Programs:1
        -:    1:/*This random test tests the Smithy card function.*/
        -:    2:
        -:    3:#include "dominion.h"
        -:    4:#include "dominion_helpers.h"
        -:    5:#include "rngs.h"
        -:    6:#include <string.h>
        -:    7:#include <stdio.h>
        -:    8:#include <math.h>
        -:    9:#include <assert.h>
        -:   10:#include <stdlib.h>
        -:   11:#include <time.h>
        -:   12:#include <stdbool.h>
        -:   13:
        -:   14:
        2:   15:int main() {
        -:   16:    struct gameState testGame;
        2:   17:    int k[10] = {adventurer, gardens, embargo, village, minion, mine, cutpurse,
        -:   18:        sea_hag, tribute, smithy};
        -:   19:    
        -:   20:    int i;
        -:   21:    bool testFlag;
        -:   22:    int deckTotal, handTotal;
        -:   23:    int startDeck, finishDeck;
        -:   24:    int startHand, finishHand;
        2:   25:    int startDiscardPile = 0;
        -:   26:    int finishDiscardPile;
        -:   27:    int handPos;
        -:   28:    
        2:   29:    int failCount = 0;
        2:   30:    int passCount = 0;
        -:   31:    
        2:   32:    int players = 2;
        2:   33:    int currentPlayer = 0;
        2:   34:    int testSeed = 100;
        -:   35:    
        2:   36:    srand(time(NULL));
        -:   37:    
        -:   38:    //Run test iterations
   100002:   39:    for(i = 0; i < 50000; i++){
   100000:   40:        initializeGame(players, k, testSeed, &testGame);
   100000:   41:        testFlag = true;
   100000:   42:        deckTotal = rand() % 501;   //get random deck total between 0 and 500;
   100000:   43:        handTotal = rand() % 501;   //get random hand total between 0 and 500;
        -:   44:        
        -:   45:        //get numbers for deck and hand
   100000:   46:        testGame.deckCount[0] = deckTotal - handTotal;
   100000:   47:        startDeck = testGame.deckCount[0];
   100000:   48:        testGame.handCount[0] = handTotal;
   100000:   49:        startHand = testGame.handCount[0];
   100000:   50:        handPos = testGame.hand[currentPlayer][testGame.handCount[currentPlayer] - 1];
        -:   51:
   100000:   52:        testGame.playedCardCount = startDiscardPile;
        -:   53:        
        -:   54:        //Call function
   100000:   55:        useSmithy(0, currentPlayer, handPos, &testGame);
        -:   56:        
        -:   57:        //Deck and hand counts after function is called
   100000:   58:        finishDeck = testGame.deckCount[0];
   100000:   59:        finishHand = testGame.handCount[0];
   100000:   60:        finishDiscardPile = testGame.playedCardCount;
        -:   61:        
        -:   62:        //Check for fail game states
   100000:   63:        if (finishDeck != (startDeck-1)){
    50334:   64:            testFlag = false;
        -:   65:        }
        -:   66:        
   100000:   67:        if (finishHand != startHand){
    50334:   68:            testFlag = false;
        -:   69:        }
        -:   70:        
   100000:   71:        if (finishDiscardPile != 1){
    #####:   72:            testFlag = false;
        -:   73:        }
        -:   74:        
   100000:   75:        if (testFlag == false){
    50334:   76:            failCount++;
    50334:   77:            printf("\nTests Failed: %d\n", failCount);
        -:   78:        }
        -:   79:        else{
    49666:   80:            passCount++;
    49666:   81:            printf("\nTests Passed: %d\n", passCount);
        -:   82:        }
        -:   83:        
        -:   84:    }
        2:   85:    return 0;
        -:   86:}
